<?xml version="1.0" encoding="UTF-8"?>
<!-- Generated by org.testng.reporters.JUnitReportReporter -->
<testsuite hostname="DESKTOP-VP0ALF6" failures="0" tests="1" name="web.log" time="13.023" errors="0" timestamp="2025-06-03T11:21:29 IST" skipped="0">
  <testcase classname="web.log" name="use" time="13.023"/>
</testsuite> <!-- web.log -->
